Using pre-set license
Built from '6000.0/staging' branch; Version is '6000.0.36f1 (9fe3b5f71dbb) revision 10478517'; Using compiler version '193933523'; Build Type 'Release'
OS: 'Windows 11  (10.0.26100) 64bit Core' Language: 'fr' Physical Memory: 16087 MB
BatchMode: 1, IsHumanControllingUs: 0, StartBugReporterOnCrash: 0, Is64bit: 1, IsPro: 1

COMMAND LINE ARGUMENTS:
C:\Users\axelg\OneDrive\Documents\Unity Projects\6000.0.36f1\Editor\Unity.exe
-adb2
-batchMode
-noUpm
-name
AssetImportWorker1
-projectPath
C:/Users/axelg/Fearless Souls
-logFile
Logs/AssetImportWorker1.log
-srvPort
63658
-job-worker-count
7
-background-job-worker-count
8
-gc-helper-count
1
Successfully changed project path to: C:/Users/axelg/Fearless Souls
C:/Users/axelg/Fearless Souls
[UnityMemory] Configuration Parameters - Can be set up in boot.config
    "memorysetup-bucket-allocator-granularity=16"
    "memorysetup-bucket-allocator-bucket-count=8"
    "memorysetup-bucket-allocator-block-size=33554432"
    "memorysetup-bucket-allocator-block-count=8"
    "memorysetup-main-allocator-block-size=16777216"
    "memorysetup-thread-allocator-block-size=16777216"
    "memorysetup-gfx-main-allocator-block-size=16777216"
    "memorysetup-gfx-thread-allocator-block-size=16777216"
    "memorysetup-cache-allocator-block-size=4194304"
    "memorysetup-typetree-allocator-block-size=2097152"
    "memorysetup-profiler-bucket-allocator-granularity=16"
    "memorysetup-profiler-bucket-allocator-bucket-count=8"
    "memorysetup-profiler-bucket-allocator-block-size=33554432"
    "memorysetup-profiler-bucket-allocator-block-count=8"
    "memorysetup-profiler-allocator-block-size=16777216"
    "memorysetup-profiler-editor-allocator-block-size=1048576"
    "memorysetup-temp-allocator-size-main=16777216"
    "memorysetup-job-temp-allocator-block-size=2097152"
    "memorysetup-job-temp-allocator-block-size-background=1048576"
    "memorysetup-job-temp-allocator-reduction-small-platforms=262144"
    "memorysetup-allocator-temp-initial-block-size-main=262144"
    "memorysetup-allocator-temp-initial-block-size-worker=262144"
    "memorysetup-temp-allocator-size-background-worker=32768"
    "memorysetup-temp-allocator-size-job-worker=262144"
    "memorysetup-temp-allocator-size-preload-manager=33554432"
    "memorysetup-temp-allocator-size-nav-mesh-worker=65536"
    "memorysetup-temp-allocator-size-audio-worker=65536"
    "memorysetup-temp-allocator-size-cloud-worker=32768"
    "memorysetup-temp-allocator-size-gi-baking-worker=262144"
    "memorysetup-temp-allocator-size-gi-baking-worker=262144"
    "memorysetup-temp-allocator-size-gi-baking-worker=262144"
    "memorysetup-temp-allocator-size-gi-baking-worker=262144"
    "memorysetup-temp-allocator-size-gi-baking-worker=262144"
    "memorysetup-temp-allocator-size-gfx=262144"
Player connection [12884]  Target information:

Player connection [12884]  * "[IP] 192.168.0.17 [Port] 0 [Flags] 2 [Guid] 22402104 [EditorId] 22402104 [Version] 1048832 [Id] WindowsEditor(7,DESKTOP-B19J5CJ) [Debug] 1 [PackageName] WindowsEditor [ProjectName] Editor" 

Player connection [12884] Host joined multi-casting on [225.0.0.222:54997]...
Player connection [12884] Host joined alternative multi-casting on [225.0.0.222:34997]...
JobSystem: Creating JobQueue using job-worker-count value 7
Input System module state changed to: Initialized.
[Physics::Module] Initialized fallback backend.
[Physics::Module] Id: 0xdecafbad
Library Redirect Path: Library/
[Physics::Module] Selected backend.
[Physics::Module] Name: PhysX
[Physics::Module] Id: 0xf2b8ea05
[Physics::Module] SDK Version: 4.1.2
[Physics::Module] Integration Version: 1.0.0
[Physics::Module] Threading Mode: Multi-Threaded
Refreshing native plugins compatible for Editor in 673.39 ms, found 4 plugins.
Preloading 0 native plugins for Editor in 0.00 ms.
Initialize engine version: 6000.0.36f1 (9fe3b5f71dbb)
[Subsystems] Discovering subsystems at path C:/Users/axelg/OneDrive/Documents/Unity Projects/6000.0.36f1/Editor/Data/Resources/UnitySubsystems
[Subsystems] Discovering subsystems at path C:/Users/axelg/Fearless Souls/Assets
GfxDevice: creating device client; kGfxThreadingModeNonThreaded
Direct3D:
    Version:  Direct3D 11.0 [level 11.1]
    Renderer: NVIDIA GeForce RTX 4060 Laptop GPU (ID=0x28a0)
    Vendor:   NVIDIA
    VRAM:     7957 MB
    Driver:   32.0.15.6636
Initialize mono
Mono path[0] = 'C:/Users/axelg/OneDrive/Documents/Unity Projects/6000.0.36f1/Editor/Data/Managed'
Mono path[1] = 'C:/Users/axelg/OneDrive/Documents/Unity Projects/6000.0.36f1/Editor/Data/MonoBleedingEdge/lib/mono/unityjit-win32'
Mono config path = 'C:/Users/axelg/OneDrive/Documents/Unity Projects/6000.0.36f1/Editor/Data/MonoBleedingEdge/etc'
Using monoOptions --debugger-agent=transport=dt_socket,embedding=1,server=y,suspend=n,address=127.0.0.1:56792
Begin MonoManager ReloadAssembly
Registering precompiled unity dll's ...
Register platform support module: C:/Users/axelg/OneDrive/Documents/Unity Projects/6000.0.36f1/Editor/Data/PlaybackEngines/WindowsStandaloneSupport/UnityEditor.WindowsStandalone.Extensions.dll
Registered in 0.003468 seconds.
- Loaded All Assemblies, in  7.267 seconds
Native extension for WindowsStandalone target not found
Mono: successfully reloaded assembly
- Finished resetting the current domain, in  0.466 seconds
Domain Reload Profiling: 7730ms
	BeginReloadAssembly (1262ms)
		ExecutionOrderSort (0ms)
		DisableScriptedObjects (0ms)
		BackupInstance (0ms)
		ReleaseScriptingObjects (0ms)
		CreateAndSetChildDomain (1ms)
	RebuildCommonClasses (1319ms)
	RebuildNativeTypeToScriptingClass (18ms)
	initialDomainReloadingComplete (61ms)
	LoadAllAssembliesAndSetupDomain (4604ms)
		LoadAssemblies (1255ms)
		RebuildTransferFunctionScriptingTraits (0ms)
		AnalyzeDomain (4601ms)
			TypeCache.Refresh (4598ms)
				TypeCache.ScanAssembly (3094ms)
			BuildScriptInfoCaches (0ms)
			ResolveRequiredComponents (1ms)
	FinalizeReload (467ms)
		ReleaseScriptCaches (0ms)
		RebuildScriptCaches (0ms)
		SetupLoadedEditorAssemblies (413ms)
			LogAssemblyErrors (0ms)
			InitializePlatformSupportModulesInManaged (42ms)
			SetLoadedEditorAssemblies (7ms)
			BeforeProcessingInitializeOnLoad (71ms)
			ProcessInitializeOnLoadAttributes (208ms)
			ProcessInitializeOnLoadMethodAttributes (84ms)
			AfterProcessingInitializeOnLoad (0ms)
			EditorAssembliesLoaded (0ms)
		ExecutionOrderSort2 (0ms)
		AwakeInstancesAfterBackupRestoration (0ms)
========================================================================
Worker process is ready to serve import requests
Import Worker Mode flag is 0x00
Begin MonoManager ReloadAssembly
- Loaded All Assemblies, in  6.439 seconds
Refreshing native plugins compatible for Editor in 1.72 ms, found 4 plugins.
Native extension for WindowsStandalone target not found
Mono: successfully reloaded assembly
- Finished resetting the current domain, in  2.492 seconds
Domain Reload Profiling: 8926ms
	BeginReloadAssembly (206ms)
		ExecutionOrderSort (0ms)
		DisableScriptedObjects (6ms)
		BackupInstance (0ms)
		ReleaseScriptingObjects (0ms)
		CreateAndSetChildDomain (32ms)
	RebuildCommonClasses (48ms)
	RebuildNativeTypeToScriptingClass (15ms)
	initialDomainReloadingComplete (49ms)
	LoadAllAssembliesAndSetupDomain (6115ms)
		LoadAssemblies (5689ms)
		RebuildTransferFunctionScriptingTraits (0ms)
		AnalyzeDomain (555ms)
			TypeCache.Refresh (458ms)
				TypeCache.ScanAssembly (225ms)
			BuildScriptInfoCaches (81ms)
			ResolveRequiredComponents (13ms)
	FinalizeReload (2493ms)
		ReleaseScriptCaches (0ms)
		RebuildScriptCaches (0ms)
		SetupLoadedEditorAssemblies (1708ms)
			LogAssemblyErrors (0ms)
			InitializePlatformSupportModulesInManaged (3ms)
			SetLoadedEditorAssemblies (9ms)
			BeforeProcessingInitializeOnLoad (136ms)
			ProcessInitializeOnLoadAttributes (781ms)
			ProcessInitializeOnLoadMethodAttributes (772ms)
			AfterProcessingInitializeOnLoad (6ms)
			EditorAssembliesLoaded (0ms)
		ExecutionOrderSort2 (0ms)
		AwakeInstancesAfterBackupRestoration (6ms)
Launched and connected shader compiler UnityShaderCompiler.exe after 0.17 seconds
Refreshing native plugins compatible for Editor in 2.36 ms, found 4 plugins.
Preloading 0 native plugins for Editor in 0.00 ms.
Unloading 220 Unused Serialized files (Serialized files now loaded: 0)
Unloading 6569 unused Assets / (4.2 MB). Loaded Objects now: 7282.
Memory consumption went from 189.3 MB to 185.1 MB.
Total: 8.574600 ms (FindLiveObjects: 0.573100 ms CreateObjectMapping: 0.388800 ms MarkObjects: 5.420000 ms  DeleteObjects: 2.191000 ms)

========================================================================
Received Import Request.
  Time since last request: 665649.153219 seconds.
  path: Assets/Medieval_Castle_Asset_Pack/Medieval_Castle_Asset_Pack/Decorations/Animated Decorations/torch_small
  artifactKey: Guid(865266badeef90842ba337c6dcbbbd20) Importer(815301076,1909f56bfc062723c751e8b465ee728b)
Start importing Assets/Medieval_Castle_Asset_Pack/Medieval_Castle_Asset_Pack/Decorations/Animated Decorations/torch_small using Guid(865266badeef90842ba337c6dcbbbd20) Importer(815301076,1909f56bfc062723c751e8b465ee728b) (PreviewImporter) -> (artifact id: '1ada21e6737b201794a8c2a440b90eb2') in 0.008784 seconds
Number of updated asset objects reloaded before import = 0Number of asset objects unloaded after import = 0

========================================================================
Received Import Request.
  Time since last request: 0.000020 seconds.
  path: Assets/Medieval_Castle_Asset_Pack/Medieval_Castle_Asset_Pack/Decorations/Animated Decorations/torch_small/torch_small_3.png
  artifactKey: Guid(3c4e9785a4c9b244aaa5004943c0696a) Importer(815301076,1909f56bfc062723c751e8b465ee728b)
Start importing Assets/Medieval_Castle_Asset_Pack/Medieval_Castle_Asset_Pack/Decorations/Animated Decorations/torch_small/torch_small_3.png using Guid(3c4e9785a4c9b244aaa5004943c0696a) Importer(815301076,1909f56bfc062723c751e8b465ee728b) (PreviewImporter) -> (artifact id: '7e3b8b3fc8957debdc28b3b603c5fb2e') in 0.1248494 seconds
Number of updated asset objects reloaded before import = 0Number of asset objects unloaded after import = 3

========================================================================
Received Import Request.
  Time since last request: 208.126425 seconds.
  path: Assets/Decor/Palettes/gothic-castle-tileset_1.asset
  artifactKey: Guid(3c462459181687949a2021d34fa6414b) Importer(815301076,1909f56bfc062723c751e8b465ee728b)
Start importing Assets/Decor/Palettes/gothic-castle-tileset_1.asset using Guid(3c462459181687949a2021d34fa6414b) Importer(815301076,1909f56bfc062723c751e8b465ee728b) (PreviewImporter) -> (artifact id: '036f97b3e7979c73b83d20cbef47201e') in 0.0275961 seconds
Number of updated asset objects reloaded before import = 0Number of asset objects unloaded after import = 3

========================================================================
Received Import Request.
  Time since last request: 0.000018 seconds.
  path: Assets/Decor/Palettes/gothic-castle-tileset_6.asset
  artifactKey: Guid(bcf4658177a146846a94f43acd361e18) Importer(815301076,1909f56bfc062723c751e8b465ee728b)
Start importing Assets/Decor/Palettes/gothic-castle-tileset_6.asset using Guid(bcf4658177a146846a94f43acd361e18) Importer(815301076,1909f56bfc062723c751e8b465ee728b) (PreviewImporter) -> (artifact id: '6f4ce0f522d2bd887faa0ae16bb96f91') in 0.0301399 seconds
Number of updated asset objects reloaded before import = 0Number of asset objects unloaded after import = 3

========================================================================
Received Import Request.
  Time since last request: 0.000026 seconds.
  path: Assets/Decor/Palettes/gothic-castle-tileset_12.asset
  artifactKey: Guid(dffc9ffa477b8b34593f598fdcc97e20) Importer(815301076,1909f56bfc062723c751e8b465ee728b)
Start importing Assets/Decor/Palettes/gothic-castle-tileset_12.asset using Guid(dffc9ffa477b8b34593f598fdcc97e20) Importer(815301076,1909f56bfc062723c751e8b465ee728b) (PreviewImporter) -> (artifact id: '527bdb0c22c92b6b42154d76cd06b011') in 0.0223196 seconds
Number of updated asset objects reloaded before import = 0Number of asset objects unloaded after import = 3

========================================================================
Received Import Request.
  Time since last request: 0.000021 seconds.
  path: Assets/Decor/Palettes/gothic-castle-tileset_14.asset
  artifactKey: Guid(bd051871b16fa8942b48e48487431de4) Importer(815301076,1909f56bfc062723c751e8b465ee728b)
Start importing Assets/Decor/Palettes/gothic-castle-tileset_14.asset using Guid(bd051871b16fa8942b48e48487431de4) Importer(815301076,1909f56bfc062723c751e8b465ee728b) (PreviewImporter) -> (artifact id: '6a8eed2cbd5416f876e86664bf3e8f0e') in 0.0419881 seconds
Number of updated asset objects reloaded before import = 0Number of asset objects unloaded after import = 3

========================================================================
Received Import Request.
  Time since last request: 0.000017 seconds.
  path: Assets/Decor/Palettes/gothic-castle-tileset_9.asset
  artifactKey: Guid(ccd4ca88eeea6a247baf6f18c10aa979) Importer(815301076,1909f56bfc062723c751e8b465ee728b)
Start importing Assets/Decor/Palettes/gothic-castle-tileset_9.asset using Guid(ccd4ca88eeea6a247baf6f18c10aa979) Importer(815301076,1909f56bfc062723c751e8b465ee728b) (PreviewImporter) -> (artifact id: 'd273b55dc183d00ceec4a04d61e67c90') in 0.0179202 seconds
Number of updated asset objects reloaded before import = 0Number of asset objects unloaded after import = 3

========================================================================
Received Import Request.
  Time since last request: 0.000021 seconds.
  path: Assets/Decor/Palettes/gothic-castle-tileset_5.asset
  artifactKey: Guid(a9e322af40094f341ad710f623187d75) Importer(815301076,1909f56bfc062723c751e8b465ee728b)
Start importing Assets/Decor/Palettes/gothic-castle-tileset_5.asset using Guid(a9e322af40094f341ad710f623187d75) Importer(815301076,1909f56bfc062723c751e8b465ee728b) (PreviewImporter) -> (artifact id: 'fbf7197798dc4439bb28b48cecfa086e') in 0.0228477 seconds
Number of updated asset objects reloaded before import = 0Number of asset objects unloaded after import = 3

========================================================================
Received Import Request.
  Time since last request: 0.000017 seconds.
  path: Assets/Decor/Palettes/gothic-castle-tileset_8.asset
  artifactKey: Guid(1488cdad5b36e0447be107ee796189a5) Importer(815301076,1909f56bfc062723c751e8b465ee728b)
Start importing Assets/Decor/Palettes/gothic-castle-tileset_8.asset using Guid(1488cdad5b36e0447be107ee796189a5) Importer(815301076,1909f56bfc062723c751e8b465ee728b) (PreviewImporter) -> (artifact id: 'f762634ed03e888f6ca5cd02b08728a0') in 0.01538 seconds
Number of updated asset objects reloaded before import = 0Number of asset objects unloaded after import = 3

========================================================================
Received Import Request.
  Time since last request: 0.000026 seconds.
  path: Assets/Decor/Palettes/gothic-castle-tileset_11.asset
  artifactKey: Guid(59f32c09b1e60ad48ab3053707ada841) Importer(815301076,1909f56bfc062723c751e8b465ee728b)
Start importing Assets/Decor/Palettes/gothic-castle-tileset_11.asset using Guid(59f32c09b1e60ad48ab3053707ada841) Importer(815301076,1909f56bfc062723c751e8b465ee728b) (PreviewImporter) -> (artifact id: 'd7ef2ccd7a790a791dfed59fb678e3f8') in 0.0237577 seconds
Number of updated asset objects reloaded before import = 0Number of asset objects unloaded after import = 3

========================================================================
Received Import Request.
  Time since last request: 0.000017 seconds.
  path: Assets/Decor/Palettes/gothic-castle-tileset_13.asset
  artifactKey: Guid(562823104072bc2438a8662c88bc37e3) Importer(815301076,1909f56bfc062723c751e8b465ee728b)
Start importing Assets/Decor/Palettes/gothic-castle-tileset_13.asset using Guid(562823104072bc2438a8662c88bc37e3) Importer(815301076,1909f56bfc062723c751e8b465ee728b) (PreviewImporter) -> (artifact id: '8ad0ab5a1595dc047efe1d5e7b664c52') in 0.0275568 seconds
Number of updated asset objects reloaded before import = 0Number of asset objects unloaded after import = 3

========================================================================
Received Import Request.
  Time since last request: 0.000018 seconds.
  path: Assets/Decor/Palettes/gothic-castle-tileset_2.asset
  artifactKey: Guid(1443a83be6699e84f96d574f02861468) Importer(815301076,1909f56bfc062723c751e8b465ee728b)
Start importing Assets/Decor/Palettes/gothic-castle-tileset_2.asset using Guid(1443a83be6699e84f96d574f02861468) Importer(815301076,1909f56bfc062723c751e8b465ee728b) (PreviewImporter) -> (artifact id: '8168e9ce4c11bc31faebdfac82de11bd') in 0.0239145 seconds
Number of updated asset objects reloaded before import = 0Number of asset objects unloaded after import = 3

========================================================================
Received Import Request.
  Time since last request: 2.085651 seconds.
  path: Assets/Decor/Tiles/gothic-castle-preview_1.asset
  artifactKey: Guid(6ada1d09c36b3864498c001282b7abed) Importer(815301076,1909f56bfc062723c751e8b465ee728b)
Start importing Assets/Decor/Tiles/gothic-castle-preview_1.asset using Guid(6ada1d09c36b3864498c001282b7abed) Importer(815301076,1909f56bfc062723c751e8b465ee728b) (PreviewImporter) -> (artifact id: '876fa2e3516ccd2cc1a567b70e65b8f7') in 0.0251215 seconds
Number of updated asset objects reloaded before import = 0Number of asset objects unloaded after import = 3

========================================================================
Received Import Request.
  Time since last request: 0.000017 seconds.
  path: Assets/Decor/Tiles/gothic-castle-preview_5.asset
  artifactKey: Guid(e8f8976edf440744d9f379ed0e5f7021) Importer(815301076,1909f56bfc062723c751e8b465ee728b)
Start importing Assets/Decor/Tiles/gothic-castle-preview_5.asset using Guid(e8f8976edf440744d9f379ed0e5f7021) Importer(815301076,1909f56bfc062723c751e8b465ee728b) (PreviewImporter) -> (artifact id: '6750c460fcb00b4afb2fc25d0213af92') in 0.007049 seconds
Number of updated asset objects reloaded before import = 0Number of asset objects unloaded after import = 3

========================================================================
Received Import Request.
  Time since last request: 0.000019 seconds.
  path: Assets/Decor/Tiles/gothic-castle-preview_7.asset
  artifactKey: Guid(387f5e9c59ec1da43b53166d78733c7e) Importer(815301076,1909f56bfc062723c751e8b465ee728b)
Start importing Assets/Decor/Tiles/gothic-castle-preview_7.asset using Guid(387f5e9c59ec1da43b53166d78733c7e) Importer(815301076,1909f56bfc062723c751e8b465ee728b) (PreviewImporter) -> (artifact id: 'fc6d1bd159196317a234ddb426e00ea3') in 0.0068039 seconds
Number of updated asset objects reloaded before import = 0Number of asset objects unloaded after import = 3

========================================================================
Received Import Request.
  Time since last request: 0.000017 seconds.
  path: Assets/Decor/Tiles/gothic-castle-preview_11.asset
  artifactKey: Guid(419ab91addb9a9845ab5e7a89bfeb8ce) Importer(815301076,1909f56bfc062723c751e8b465ee728b)
Start importing Assets/Decor/Tiles/gothic-castle-preview_11.asset using Guid(419ab91addb9a9845ab5e7a89bfeb8ce) Importer(815301076,1909f56bfc062723c751e8b465ee728b) (PreviewImporter) -> (artifact id: '4f6905d1849fe0de6e2e436ce1c28e23') in 0.0055949 seconds
Number of updated asset objects reloaded before import = 0Number of asset objects unloaded after import = 3

========================================================================
Received Import Request.
  Time since last request: 0.000018 seconds.
  path: Assets/Decor/Tiles/gothic-castle-preview_16.asset
  artifactKey: Guid(60236283aa60102438082b9d0aa98f7e) Importer(815301076,1909f56bfc062723c751e8b465ee728b)
Start importing Assets/Decor/Tiles/gothic-castle-preview_16.asset using Guid(60236283aa60102438082b9d0aa98f7e) Importer(815301076,1909f56bfc062723c751e8b465ee728b) (PreviewImporter) -> (artifact id: 'ffb6fe8c3510dd524444748860dd6c77') in 0.0069265 seconds
Number of updated asset objects reloaded before import = 0Number of asset objects unloaded after import = 3

========================================================================
Received Import Request.
  Time since last request: 0.000026 seconds.
  path: Assets/Decor/Tiles/gothic-castle-preview_22.asset
  artifactKey: Guid(d39117fe18d6ebf44929b3ee00615bcc) Importer(815301076,1909f56bfc062723c751e8b465ee728b)
Start importing Assets/Decor/Tiles/gothic-castle-preview_22.asset using Guid(d39117fe18d6ebf44929b3ee00615bcc) Importer(815301076,1909f56bfc062723c751e8b465ee728b) (PreviewImporter) -> (artifact id: '58a856fa29ae63ce9dc84d613b79f9c1') in 0.0071898 seconds
Number of updated asset objects reloaded before import = 0Number of asset objects unloaded after import = 3

========================================================================
Received Import Request.
  Time since last request: 0.000028 seconds.
  path: Assets/Decor/Tiles/gothic-castle-preview_27.asset
  artifactKey: Guid(94369ce7e7adb4f4c956ea4270176566) Importer(815301076,1909f56bfc062723c751e8b465ee728b)
Start importing Assets/Decor/Tiles/gothic-castle-preview_27.asset using Guid(94369ce7e7adb4f4c956ea4270176566) Importer(815301076,1909f56bfc062723c751e8b465ee728b) (PreviewImporter) -> (artifact id: '550bc50e75ddb34c01fb0fbd6ae3bf17') in 0.0066093 seconds
Number of updated asset objects reloaded before import = 0Number of asset objects unloaded after import = 3

========================================================================
Received Import Request.
  Time since last request: 0.000025 seconds.
  path: Assets/Decor/Tiles/gothic-castle-preview_29.asset
  artifactKey: Guid(1c4f6922dc3798840bf3ca1f4e66a6b7) Importer(815301076,1909f56bfc062723c751e8b465ee728b)
Start importing Assets/Decor/Tiles/gothic-castle-preview_29.asset using Guid(1c4f6922dc3798840bf3ca1f4e66a6b7) Importer(815301076,1909f56bfc062723c751e8b465ee728b) (PreviewImporter) -> (artifact id: 'e9ffe9c0428d0b59760593a9946a7378') in 0.0082814 seconds
Number of updated asset objects reloaded before import = 0Number of asset objects unloaded after import = 3

========================================================================
Received Import Request.
  Time since last request: 0.000019 seconds.
  path: Assets/Decor/Tiles/gothic-castle-preview_26.asset
  artifactKey: Guid(39fcfe1b512c98a41b4de2d4f7e64139) Importer(815301076,1909f56bfc062723c751e8b465ee728b)
Start importing Assets/Decor/Tiles/gothic-castle-preview_26.asset using Guid(39fcfe1b512c98a41b4de2d4f7e64139) Importer(815301076,1909f56bfc062723c751e8b465ee728b) (PreviewImporter) -> (artifact id: '226322fcd71780caf7f418b80e85ab0f') in 0.0072131 seconds
Number of updated asset objects reloaded before import = 0Number of asset objects unloaded after import = 3

========================================================================
Received Import Request.
  Time since last request: 0.000024 seconds.
  path: Assets/Decor/Tiles/gothic-castle-preview_14.asset
  artifactKey: Guid(61e3b45b5255b244b92b468292913d4e) Importer(815301076,1909f56bfc062723c751e8b465ee728b)
Start importing Assets/Decor/Tiles/gothic-castle-preview_14.asset using Guid(61e3b45b5255b244b92b468292913d4e) Importer(815301076,1909f56bfc062723c751e8b465ee728b) (PreviewImporter) -> (artifact id: 'a0c22ce2e8acb427f7f81b5629a9d958') in 0.0058282 seconds
Number of updated asset objects reloaded before import = 0Number of asset objects unloaded after import = 3

========================================================================
Received Import Request.
  Time since last request: 0.000020 seconds.
  path: Assets/Decor/Tiles/gothic-castle-preview_21.asset
  artifactKey: Guid(415213b6f7f085f4dbdda124a4540704) Importer(815301076,1909f56bfc062723c751e8b465ee728b)
Start importing Assets/Decor/Tiles/gothic-castle-preview_21.asset using Guid(415213b6f7f085f4dbdda124a4540704) Importer(815301076,1909f56bfc062723c751e8b465ee728b) (PreviewImporter) -> (artifact id: 'dfd8bcf4511f56f5f5748be6c4907dab') in 0.0071635 seconds
Number of updated asset objects reloaded before import = 0Number of asset objects unloaded after import = 3

========================================================================
Received Import Request.
  Time since last request: 0.000018 seconds.
  path: Assets/Decor/Tiles/gothic-castle-preview_19.asset
  artifactKey: Guid(76b7e2863944dd8439f8f5305c768625) Importer(815301076,1909f56bfc062723c751e8b465ee728b)
Start importing Assets/Decor/Tiles/gothic-castle-preview_19.asset using Guid(76b7e2863944dd8439f8f5305c768625) Importer(815301076,1909f56bfc062723c751e8b465ee728b) (PreviewImporter) -> (artifact id: '8c2a359aa7d06ca6a3052519d020a18d') in 0.0066817 seconds
Number of updated asset objects reloaded before import = 0Number of asset objects unloaded after import = 3

========================================================================
Received Import Request.
  Time since last request: 0.000019 seconds.
  path: Assets/Decor/Tiles/gothic-castle-preview_17.asset
  artifactKey: Guid(dfe2c80e964e7744b8b883d552fb5a5f) Importer(815301076,1909f56bfc062723c751e8b465ee728b)
Start importing Assets/Decor/Tiles/gothic-castle-preview_17.asset using Guid(dfe2c80e964e7744b8b883d552fb5a5f) Importer(815301076,1909f56bfc062723c751e8b465ee728b) (PreviewImporter) -> (artifact id: '16776d21017db642aef9861a12faf828') in 0.0066185 seconds
Number of updated asset objects reloaded before import = 0Number of asset objects unloaded after import = 3

========================================================================
Received Import Request.
  Time since last request: 0.000027 seconds.
  path: Assets/Decor/Tiles/gothic-castle-preview_3.asset
  artifactKey: Guid(5b1c2f2815297ae4483ee2eaead1ad0c) Importer(815301076,1909f56bfc062723c751e8b465ee728b)
Start importing Assets/Decor/Tiles/gothic-castle-preview_3.asset using Guid(5b1c2f2815297ae4483ee2eaead1ad0c) Importer(815301076,1909f56bfc062723c751e8b465ee728b) (PreviewImporter) -> (artifact id: 'b330e638bbe1e8d9774451e150e6e856') in 0.0071536 seconds
Number of updated asset objects reloaded before import = 0Number of asset objects unloaded after import = 3

========================================================================
Received Import Request.
  Time since last request: 0.000015 seconds.
  path: Assets/Decor/Tiles/gothic-castle-preview_10.asset
  artifactKey: Guid(6e8944354abb27147b551ebdaa69adbb) Importer(815301076,1909f56bfc062723c751e8b465ee728b)
Start importing Assets/Decor/Tiles/gothic-castle-preview_10.asset using Guid(6e8944354abb27147b551ebdaa69adbb) Importer(815301076,1909f56bfc062723c751e8b465ee728b) (PreviewImporter) -> (artifact id: 'c1312527f6c1bdd736e3496ed437f0f9') in 0.0065508 seconds
Number of updated asset objects reloaded before import = 0Number of asset objects unloaded after import = 3

========================================================================
Received Import Request.
  Time since last request: 0.000018 seconds.
  path: Assets/Decor/Tiles/gothic-castle-preview_13.asset
  artifactKey: Guid(17ba719f081f5f94fbbca3f19db6b855) Importer(815301076,1909f56bfc062723c751e8b465ee728b)
Start importing Assets/Decor/Tiles/gothic-castle-preview_13.asset using Guid(17ba719f081f5f94fbbca3f19db6b855) Importer(815301076,1909f56bfc062723c751e8b465ee728b) (PreviewImporter) -> (artifact id: '5bf6f8d816f6b10e1df5eb2370b3b36f') in 0.006677 seconds
Number of updated asset objects reloaded before import = 0Number of asset objects unloaded after import = 3

========================================================================
Received Import Request.
  Time since last request: 0.485452 seconds.
  path: Assets/Decor/Tiles/gothic-castle-preview_32.asset
  artifactKey: Guid(265bd5d066d652149ae059889571c21a) Importer(815301076,1909f56bfc062723c751e8b465ee728b)
Start importing Assets/Decor/Tiles/gothic-castle-preview_32.asset using Guid(265bd5d066d652149ae059889571c21a) Importer(815301076,1909f56bfc062723c751e8b465ee728b) (PreviewImporter) -> (artifact id: '925b0b17aa6c7fdf2679543d5a616768') in 0.0081377 seconds
Number of updated asset objects reloaded before import = 0Number of asset objects unloaded after import = 3

========================================================================
Received Import Request.
  Time since last request: 0.000015 seconds.
  path: Assets/Decor/Tiles/gothic-castle-preview_35.asset
  artifactKey: Guid(3342e7c3086a18e4f95edb361b162d4f) Importer(815301076,1909f56bfc062723c751e8b465ee728b)
Start importing Assets/Decor/Tiles/gothic-castle-preview_35.asset using Guid(3342e7c3086a18e4f95edb361b162d4f) Importer(815301076,1909f56bfc062723c751e8b465ee728b) (PreviewImporter) -> (artifact id: '1d622cd07741362969f2de0a6e123917') in 0.0063537 seconds
Number of updated asset objects reloaded before import = 0Number of asset objects unloaded after import = 3

========================================================================
Received Import Request.
  Time since last request: 0.000016 seconds.
  path: Assets/Decor/Tiles/gothic-castle-preview_40.asset
  artifactKey: Guid(5127f9719bc80a240b9235d9d269bb49) Importer(815301076,1909f56bfc062723c751e8b465ee728b)
Start importing Assets/Decor/Tiles/gothic-castle-preview_40.asset using Guid(5127f9719bc80a240b9235d9d269bb49) Importer(815301076,1909f56bfc062723c751e8b465ee728b) (PreviewImporter) -> (artifact id: 'ff7a208ffa5d7dd8fcc3e42416bd66cb') in 0.0070398 seconds
Number of updated asset objects reloaded before import = 0Number of asset objects unloaded after import = 3

========================================================================
Received Import Request.
  Time since last request: 0.000017 seconds.
  path: Assets/Decor/Tiles/gothic-castle-preview_42.asset
  artifactKey: Guid(bfa7597421e6b0f48bc5690441e6b183) Importer(815301076,1909f56bfc062723c751e8b465ee728b)
Start importing Assets/Decor/Tiles/gothic-castle-preview_42.asset using Guid(bfa7597421e6b0f48bc5690441e6b183) Importer(815301076,1909f56bfc062723c751e8b465ee728b) (PreviewImporter) -> (artifact id: 'e7ce190ba91dc07ae433380cfe77d4fe') in 0.0074813 seconds
Number of updated asset objects reloaded before import = 0Number of asset objects unloaded after import = 3

========================================================================
Received Import Request.
  Time since last request: 0.000021 seconds.
  path: Assets/Decor/Tiles/gothic-castle-preview_47.asset
  artifactKey: Guid(8943d69a701849b4584bf9cd0838e65f) Importer(815301076,1909f56bfc062723c751e8b465ee728b)
Start importing Assets/Decor/Tiles/gothic-castle-preview_47.asset using Guid(8943d69a701849b4584bf9cd0838e65f) Importer(815301076,1909f56bfc062723c751e8b465ee728b) (PreviewImporter) -> (artifact id: '931273f1a2275abc85e685bf317234cc') in 0.0069535 seconds
Number of updated asset objects reloaded before import = 0Number of asset objects unloaded after import = 3

========================================================================
Received Import Request.
  Time since last request: 0.000017 seconds.
  path: Assets/Decor/Tiles/gothic-castle-preview_49.asset
  artifactKey: Guid(67573586ad3df2f439de4d757bd2b4cd) Importer(815301076,1909f56bfc062723c751e8b465ee728b)
Start importing Assets/Decor/Tiles/gothic-castle-preview_49.asset using Guid(67573586ad3df2f439de4d757bd2b4cd) Importer(815301076,1909f56bfc062723c751e8b465ee728b) (PreviewImporter) -> (artifact id: '026a0bd9576dad3aaf9c6c1d14d4eac2') in 0.0072537 seconds
Number of updated asset objects reloaded before import = 0Number of asset objects unloaded after import = 3

========================================================================
Received Import Request.
  Time since last request: 0.000018 seconds.
  path: Assets/Decor/Tiles/gothic-castle-preview_51.asset
  artifactKey: Guid(cb8fa73c7f01e21498bd42280988ea01) Importer(815301076,1909f56bfc062723c751e8b465ee728b)
Start importing Assets/Decor/Tiles/gothic-castle-preview_51.asset using Guid(cb8fa73c7f01e21498bd42280988ea01) Importer(815301076,1909f56bfc062723c751e8b465ee728b) (PreviewImporter) -> (artifact id: '0c0d7e3b8827fdb3b162399e3dc818ef') in 0.0070562 seconds
Number of updated asset objects reloaded before import = 0Number of asset objects unloaded after import = 3

========================================================================
Received Import Request.
  Time since last request: 0.000028 seconds.
  path: Assets/Decor/Tiles/gothic-castle-preview_58.asset
  artifactKey: Guid(bd1ee0fdc9f6da54b813b49e137c1922) Importer(815301076,1909f56bfc062723c751e8b465ee728b)
Start importing Assets/Decor/Tiles/gothic-castle-preview_58.asset using Guid(bd1ee0fdc9f6da54b813b49e137c1922) Importer(815301076,1909f56bfc062723c751e8b465ee728b) (PreviewImporter) -> (artifact id: '31ac247dd252318bca0fe8450837ad50') in 0.0175085 seconds
Number of updated asset objects reloaded before import = 0Number of asset objects unloaded after import = 3

========================================================================
Received Import Request.
  Time since last request: 0.000017 seconds.
  path: Assets/Decor/Tiles/gothic-castle-preview_63.asset
  artifactKey: Guid(655badf0421036c499dc442e2c5cd83e) Importer(815301076,1909f56bfc062723c751e8b465ee728b)
Start importing Assets/Decor/Tiles/gothic-castle-preview_63.asset using Guid(655badf0421036c499dc442e2c5cd83e) Importer(815301076,1909f56bfc062723c751e8b465ee728b) (PreviewImporter) -> (artifact id: '825403667ce2b445ae2d5378aaa0740c') in 0.0093302 seconds
Number of updated asset objects reloaded before import = 0Number of asset objects unloaded after import = 3

========================================================================
Received Import Request.
  Time since last request: 0.000017 seconds.
  path: Assets/Decor/Tiles/gothic-castle-preview_67.asset
  artifactKey: Guid(0072de676a260fc44bbc6c9bc5a3d067) Importer(815301076,1909f56bfc062723c751e8b465ee728b)
Start importing Assets/Decor/Tiles/gothic-castle-preview_67.asset using Guid(0072de676a260fc44bbc6c9bc5a3d067) Importer(815301076,1909f56bfc062723c751e8b465ee728b) (PreviewImporter) -> (artifact id: 'a8478e90a786b4db92cf21c3dda960dc') in 0.0432061 seconds
Number of updated asset objects reloaded before import = 0Number of asset objects unloaded after import = 3

========================================================================
Received Import Request.
  Time since last request: 0.000035 seconds.
  path: Assets/Decor/Tiles/gothic-castle-preview_79.asset
  artifactKey: Guid(1eb326b88a0925646aaaf5652d0c1c7b) Importer(815301076,1909f56bfc062723c751e8b465ee728b)
Start importing Assets/Decor/Tiles/gothic-castle-preview_79.asset using Guid(1eb326b88a0925646aaaf5652d0c1c7b) Importer(815301076,1909f56bfc062723c751e8b465ee728b) (PreviewImporter) -> (artifact id: '66fda004e1cde0ab8eed07ce7040701c') in 0.0082771 seconds
Number of updated asset objects reloaded before import = 0Number of asset objects unloaded after import = 3

========================================================================
Received Import Request.
  Time since last request: 0.000024 seconds.
  path: Assets/Decor/Tiles/gothic-castle-preview_78.asset
  artifactKey: Guid(de4df394d9b6c864cad8b163f6bc3e18) Importer(815301076,1909f56bfc062723c751e8b465ee728b)
Start importing Assets/Decor/Tiles/gothic-castle-preview_78.asset using Guid(de4df394d9b6c864cad8b163f6bc3e18) Importer(815301076,1909f56bfc062723c751e8b465ee728b) (PreviewImporter) -> (artifact id: '171e4ac960a9e79481a7c0e697454015') in 0.0062973 seconds
Number of updated asset objects reloaded before import = 0Number of asset objects unloaded after import = 3

========================================================================
Received Import Request.
  Time since last request: 0.000029 seconds.
  path: Assets/Decor/Tiles/gothic-castle-preview_83.asset
  artifactKey: Guid(a8fb6c01a1ace6d43891909a4c478335) Importer(815301076,1909f56bfc062723c751e8b465ee728b)
Start importing Assets/Decor/Tiles/gothic-castle-preview_83.asset using Guid(a8fb6c01a1ace6d43891909a4c478335) Importer(815301076,1909f56bfc062723c751e8b465ee728b) (PreviewImporter) -> (artifact id: 'fe57bea60b3ad12bb343e45b442414f4') in 0.006311 seconds
Number of updated asset objects reloaded before import = 0Number of asset objects unloaded after import = 3

========================================================================
Received Import Request.
  Time since last request: 0.000019 seconds.
  path: Assets/Decor/Tiles/gothic-castle-preview_87.asset
  artifactKey: Guid(a1970a312c0a26143a323a57b0e7df8e) Importer(815301076,1909f56bfc062723c751e8b465ee728b)
Start importing Assets/Decor/Tiles/gothic-castle-preview_87.asset using Guid(a1970a312c0a26143a323a57b0e7df8e) Importer(815301076,1909f56bfc062723c751e8b465ee728b) (PreviewImporter) -> (artifact id: '05b090a9c0509b48820b3987050db113') in 0.0091217 seconds
Number of updated asset objects reloaded before import = 0Number of asset objects unloaded after import = 3

========================================================================
Received Import Request.
  Time since last request: 0.000024 seconds.
  path: Assets/Decor/Tiles/gothic-castle-preview_64.asset
  artifactKey: Guid(368dc19c88cfce84bb99df37c331810e) Importer(815301076,1909f56bfc062723c751e8b465ee728b)
Start importing Assets/Decor/Tiles/gothic-castle-preview_64.asset using Guid(368dc19c88cfce84bb99df37c331810e) Importer(815301076,1909f56bfc062723c751e8b465ee728b) (PreviewImporter) -> (artifact id: '8c0f32b249f777049588753182dcc3a0') in 0.0075184 seconds
Number of updated asset objects reloaded before import = 0Number of asset objects unloaded after import = 3

========================================================================
Received Import Request.
  Time since last request: 0.000023 seconds.
  path: Assets/Decor/Tiles/gothic-castle-preview_81.asset
  artifactKey: Guid(66044e7b4b82b264ab2cc6af7c7d43d8) Importer(815301076,1909f56bfc062723c751e8b465ee728b)
Start importing Assets/Decor/Tiles/gothic-castle-preview_81.asset using Guid(66044e7b4b82b264ab2cc6af7c7d43d8) Importer(815301076,1909f56bfc062723c751e8b465ee728b) (PreviewImporter) -> (artifact id: 'ac3d66a177755788c7b035702a7f2378') in 0.0073935 seconds
Number of updated asset objects reloaded before import = 0Number of asset objects unloaded after import = 3

========================================================================
Received Import Request.
  Time since last request: 0.000017 seconds.
  path: Assets/Decor/Tiles/gothic-castle-preview_48.asset
  artifactKey: Guid(82d74defb6b433b48a03c96b009a933c) Importer(815301076,1909f56bfc062723c751e8b465ee728b)
Start importing Assets/Decor/Tiles/gothic-castle-preview_48.asset using Guid(82d74defb6b433b48a03c96b009a933c) Importer(815301076,1909f56bfc062723c751e8b465ee728b) (PreviewImporter) -> (artifact id: '603cd27e83bd9dc55c4969dac115fe30') in 0.0070076 seconds
Number of updated asset objects reloaded before import = 0Number of asset objects unloaded after import = 3

========================================================================
Received Import Request.
  Time since last request: 0.000019 seconds.
  path: Assets/Decor/Tiles/gothic-castle-preview_45.asset
  artifactKey: Guid(8c0a4de6fc7e943468a17e7980fc6402) Importer(815301076,1909f56bfc062723c751e8b465ee728b)
Start importing Assets/Decor/Tiles/gothic-castle-preview_45.asset using Guid(8c0a4de6fc7e943468a17e7980fc6402) Importer(815301076,1909f56bfc062723c751e8b465ee728b) (PreviewImporter) -> (artifact id: 'c738e0fc15c818430a1f1f8aaf90d983') in 0.0076547 seconds
Number of updated asset objects reloaded before import = 0Number of asset objects unloaded after import = 3

========================================================================
Received Import Request.
  Time since last request: 0.000026 seconds.
  path: Assets/Decor/Tiles/gothic-castle-preview_36.asset
  artifactKey: Guid(70fe9c7a74ca98c4b94c113c3702e367) Importer(815301076,1909f56bfc062723c751e8b465ee728b)
Start importing Assets/Decor/Tiles/gothic-castle-preview_36.asset using Guid(70fe9c7a74ca98c4b94c113c3702e367) Importer(815301076,1909f56bfc062723c751e8b465ee728b) (PreviewImporter) -> (artifact id: 'b4e61005fac6d256c18364f9809c6d71') in 0.0071513 seconds
Number of updated asset objects reloaded before import = 0Number of asset objects unloaded after import = 3

========================================================================
Received Import Request.
  Time since last request: 0.000016 seconds.
  path: Assets/Decor/Tiles/gothic-castle-preview_68.asset
  artifactKey: Guid(16e437d637caf0046a5f6b1dbce5bdbf) Importer(815301076,1909f56bfc062723c751e8b465ee728b)
Start importing Assets/Decor/Tiles/gothic-castle-preview_68.asset using Guid(16e437d637caf0046a5f6b1dbce5bdbf) Importer(815301076,1909f56bfc062723c751e8b465ee728b) (PreviewImporter) -> (artifact id: 'c90397f21313580330686d86af533930') in 0.026597 seconds
Number of updated asset objects reloaded before import = 0Number of asset objects unloaded after import = 3

========================================================================
Received Import Request.
  Time since last request: 0.000017 seconds.
  path: Assets/Decor/Tiles/gothic-castle-preview_86.asset
  artifactKey: Guid(b0bea0c1ec09b034394f92884235da91) Importer(815301076,1909f56bfc062723c751e8b465ee728b)
Start importing Assets/Decor/Tiles/gothic-castle-preview_86.asset using Guid(b0bea0c1ec09b034394f92884235da91) Importer(815301076,1909f56bfc062723c751e8b465ee728b) (PreviewImporter) -> (artifact id: 'd4e9fa015cafd2e5e7d6c228bbc4e2a2') in 0.0075265 seconds
Number of updated asset objects reloaded before import = 0Number of asset objects unloaded after import = 3

========================================================================
Received Import Request.
  Time since last request: 0.000020 seconds.
  path: Assets/Decor/Tiles/gothic-castle-preview_77.asset
  artifactKey: Guid(80a58a3cdef679545810b616ea4e563e) Importer(815301076,1909f56bfc062723c751e8b465ee728b)
Start importing Assets/Decor/Tiles/gothic-castle-preview_77.asset using Guid(80a58a3cdef679545810b616ea4e563e) Importer(815301076,1909f56bfc062723c751e8b465ee728b) (PreviewImporter) -> (artifact id: '89e042584be52820415386fad060f961') in 0.0080907 seconds
Number of updated asset objects reloaded before import = 0Number of asset objects unloaded after import = 3

========================================================================
Received Import Request.
  Time since last request: 0.000015 seconds.
  path: Assets/Decor/Tiles/gothic-castle-preview_69.asset
  artifactKey: Guid(a7094fc5788d583498285f6a44685d2c) Importer(815301076,1909f56bfc062723c751e8b465ee728b)
Start importing Assets/Decor/Tiles/gothic-castle-preview_69.asset using Guid(a7094fc5788d583498285f6a44685d2c) Importer(815301076,1909f56bfc062723c751e8b465ee728b) (PreviewImporter) -> (artifact id: '34c719346b0313a256631e7d20226d97') in 0.0270646 seconds
Number of updated asset objects reloaded before import = 0Number of asset objects unloaded after import = 3

========================================================================
Received Import Request.
  Time since last request: 0.000019 seconds.
  path: Assets/Decor/Tiles/gothic-castle-preview_82.asset
  artifactKey: Guid(3c89b646a6e86444cb7263f053f9edb8) Importer(815301076,1909f56bfc062723c751e8b465ee728b)
Start importing Assets/Decor/Tiles/gothic-castle-preview_82.asset using Guid(3c89b646a6e86444cb7263f053f9edb8) Importer(815301076,1909f56bfc062723c751e8b465ee728b) (PreviewImporter) -> (artifact id: '0ff5bf8bd8b2fc30c2a4edf5126fc33b') in 0.0064961 seconds
Number of updated asset objects reloaded before import = 0Number of asset objects unloaded after import = 3

Editor requested this worker to shutdown with reason: Scaling down because of idle timeout
AssetImportWorker is now disconnected from the server
Process exiting
Exiting without the bug reporter. Application will terminate with return code 0